2024-01-17 09:35:17,865 : ERROR : pionex_spot: Failed to parse symbol information: 'NotImplementedType' object is not callable
Traceback (most recent call last):
  File "/home/ubuntu/miniconda3/lib/python3.8/site-packages/cryptofeed/exchange.py", line 105, in symbol_mapping
    syms, info = cls._parse_symbol_data(data if len(data) > 1 else data[0])
TypeError: 'NotImplementedType' object is not callable
2024-01-17 09:38:02,919 : ERROR : pionex_spot: Failed to parse symbol information: 'NotImplementedType' object is not callable
Traceback (most recent call last):
  File "/home/ubuntu/miniconda3/lib/python3.8/site-packages/cryptofeed/exchange.py", line 105, in symbol_mapping
    syms, info = cls._parse_symbol_data(data if len(data) > 1 else data[0])
TypeError: 'NotImplementedType' object is not callable
2024-01-17 09:40:19,453 : ERROR : pionex_spot: Failed to parse symbol information: string indices must be integers
Traceback (most recent call last):
  File "/home/ubuntu/miniconda3/lib/python3.8/site-packages/cryptofeed/exchange.py", line 105, in symbol_mapping
    syms, info = cls._parse_symbol_data(data if len(data) > 1 else data[0])
  File "/home/ubuntu/dev/datafeed/exchange/pionex.py", line 58, in _parse_symbol_data
    for e in entry['data']:
TypeError: string indices must be integers
2024-01-17 09:41:11,164 : ERROR : pionex_spot: Failed to parse symbol information: string indices must be integers
Traceback (most recent call last):
  File "/home/ubuntu/miniconda3/lib/python3.8/site-packages/cryptofeed/exchange.py", line 105, in symbol_mapping
    syms, info = cls._parse_symbol_data(data if len(data) > 1 else data[0])
  File "/home/ubuntu/dev/datafeed/exchange/pionex.py", line 58, in _parse_symbol_data
    for e in entry['data']:
TypeError: string indices must be integers
2024-01-17 09:41:20,774 : ERROR : pionex_spot: Failed to parse symbol information: string indices must be integers
Traceback (most recent call last):
  File "/home/ubuntu/miniconda3/lib/python3.8/site-packages/cryptofeed/exchange.py", line 105, in symbol_mapping
    syms, info = cls._parse_symbol_data(data if len(data) > 1 else data[0])
  File "/home/ubuntu/dev/datafeed/exchange/pionex.py", line 59, in _parse_symbol_data
    for e in entry['data']:
TypeError: string indices must be integers
2024-01-17 09:43:25,568 : ERROR : pionex_spot: Failed to parse symbol information: string indices must be integers
Traceback (most recent call last):
  File "/home/ubuntu/miniconda3/lib/python3.8/site-packages/cryptofeed/exchange.py", line 105, in symbol_mapping
    syms, info = cls._parse_symbol_data(data if len(data) > 1 else data[0])
  File "/home/ubuntu/dev/datafeed/exchange/pionex.py", line 64, in _parse_symbol_data
    for e in entry['data']:
TypeError: string indices must be integers
2024-01-17 09:43:37,846 : ERROR : pionex_spot: Failed to parse symbol information: string indices must be integers
Traceback (most recent call last):
  File "/home/ubuntu/miniconda3/lib/python3.8/site-packages/cryptofeed/exchange.py", line 105, in symbol_mapping
    syms, info = cls._parse_symbol_data(data if len(data) > 1 else data[0])
  File "/home/ubuntu/dev/datafeed/exchange/pionex.py", line 64, in _parse_symbol_data
    for e in entry['data']:
TypeError: string indices must be integers
2024-01-17 09:48:38,030 : ERROR : pionex_spot.ws.1: encountered an exception, reconnecting in 1.0 seconds
Traceback (most recent call last):
  File "/home/ubuntu/miniconda3/lib/python3.8/site-packages/cryptofeed/connection_handler.py", line 61, in _create_connection
    await self.subscribe(connection)
  File "/home/ubuntu/dev/datafeed/exchange/pionex.py", line 82, in subscribe
    channels.append(self.build_subscription(chan, pair))
AttributeError: 'Pionex' object has no attribute 'build_subscription'
2024-01-17 09:48:39,831 : ERROR : pionex_spot.ws.1: encountered an exception, reconnecting in 2.0 seconds
Traceback (most recent call last):
  File "/home/ubuntu/miniconda3/lib/python3.8/site-packages/cryptofeed/connection_handler.py", line 61, in _create_connection
    await self.subscribe(connection)
  File "/home/ubuntu/dev/datafeed/exchange/pionex.py", line 82, in subscribe
    channels.append(self.build_subscription(chan, pair))
AttributeError: 'Pionex' object has no attribute 'build_subscription'
2024-01-17 09:53:15,202 : ERROR : pionex_spot.ws.1: encountered an exception, reconnecting in 1.0 seconds
Traceback (most recent call last):
  File "/home/ubuntu/miniconda3/lib/python3.8/site-packages/cryptofeed/connection_handler.py", line 69, in _create_connection
    await self._handler(connection, self.handler)
  File "/home/ubuntu/miniconda3/lib/python3.8/site-packages/cryptofeed/connection_handler.py", line 119, in _handler
    await handler(message, connection, self.conn.last_message)
  File "/home/ubuntu/miniconda3/lib/python3.8/site-packages/cryptofeed/feed.py", line 261, in message_handler
    raise NotImplementedError
NotImplementedError
2024-01-17 09:53:17,108 : ERROR : pionex_spot.ws.1: encountered an exception, reconnecting in 1.0 seconds
Traceback (most recent call last):
  File "/home/ubuntu/miniconda3/lib/python3.8/site-packages/cryptofeed/connection_handler.py", line 69, in _create_connection
    await self._handler(connection, self.handler)
  File "/home/ubuntu/miniconda3/lib/python3.8/site-packages/cryptofeed/connection_handler.py", line 119, in _handler
    await handler(message, connection, self.conn.last_message)
  File "/home/ubuntu/miniconda3/lib/python3.8/site-packages/cryptofeed/feed.py", line 261, in message_handler
    raise NotImplementedError
NotImplementedError
2024-01-17 09:53:18,990 : ERROR : pionex_spot.ws.1: encountered an exception, reconnecting in 1.0 seconds
Traceback (most recent call last):
  File "/home/ubuntu/miniconda3/lib/python3.8/site-packages/cryptofeed/connection_handler.py", line 69, in _create_connection
    await self._handler(connection, self.handler)
  File "/home/ubuntu/miniconda3/lib/python3.8/site-packages/cryptofeed/connection_handler.py", line 119, in _handler
    await handler(message, connection, self.conn.last_message)
  File "/home/ubuntu/miniconda3/lib/python3.8/site-packages/cryptofeed/feed.py", line 261, in message_handler
    raise NotImplementedError
NotImplementedError
2024-01-17 09:57:34,260 : WARNING : pionex_spot: Unhandled message {'type': 'ERROR', 'code': 'INVALID_OP', 'message': 'invalid `op`', 'timestamp': 1705456654186}
2024-01-17 09:57:34,261 : WARNING : pionex_spot: Unhandled message {'type': 'ERROR', 'code': 'INVALID_OP', 'message': 'invalid `op`', 'timestamp': 1705456654186}
2024-01-17 09:57:34,261 : WARNING : pionex_spot: Unhandled message {'type': 'ERROR', 'code': 'INVALID_OP', 'message': 'invalid `op`', 'timestamp': 1705456654186}
2024-01-17 09:57:34,262 : WARNING : pionex_spot: Unhandled message {'type': 'ERROR', 'code': 'INVALID_OP', 'message': 'invalid `op`', 'timestamp': 1705456654186}
2024-01-17 09:57:34,262 : WARNING : pionex_spot: Unhandled message {'type': 'ERROR', 'code': 'INVALID_OP', 'message': 'invalid `op`', 'timestamp': 1705456654186}
2024-01-17 09:57:34,263 : WARNING : pionex_spot: Unhandled message {'type': 'ERROR', 'code': 'INVALID_OP', 'message': 'invalid `op`', 'timestamp': 1705456654186}
2024-01-17 09:57:34,264 : WARNING : pionex_spot: Unhandled message {'type': 'ERROR', 'code': 'INVALID_OP', 'message': 'invalid `op`', 'timestamp': 1705456654186}
2024-01-17 09:57:34,264 : WARNING : pionex_spot: Unhandled message {'type': 'ERROR', 'code': 'INVALID_OP', 'message': 'invalid `op`', 'timestamp': 1705456654186}
2024-01-17 09:57:34,265 : WARNING : pionex_spot: Unhandled message {'type': 'ERROR', 'code': 'INVALID_OP', 'message': 'invalid `op`', 'timestamp': 1705456654186}
2024-01-17 09:57:34,266 : WARNING : pionex_spot: Unhandled message {'type': 'ERROR', 'code': 'INVALID_OP', 'message': 'invalid `op`', 'timestamp': 1705456654187}
2024-01-17 09:57:34,268 : WARNING : pionex_spot: Unhandled message {'op': 'CLOSE', 'timestamp': 1705456654187, 'note': 'rate limit'}
2024-01-17 09:57:39,016 : WARNING : pionex_spot: Unhandled message {'type': 'ERROR', 'code': 'INVALID_OP', 'message': 'invalid `op`', 'timestamp': 1705456658944}
2024-01-17 09:57:39,016 : WARNING : pionex_spot: Unhandled message {'type': 'ERROR', 'code': 'INVALID_OP', 'message': 'invalid `op`', 'timestamp': 1705456658944}
2024-01-17 09:57:39,017 : WARNING : pionex_spot: Unhandled message {'type': 'ERROR', 'code': 'INVALID_OP', 'message': 'invalid `op`', 'timestamp': 1705456658944}
2024-01-17 09:57:39,017 : WARNING : pionex_spot: Unhandled message {'type': 'ERROR', 'code': 'INVALID_OP', 'message': 'invalid `op`', 'timestamp': 1705456658944}
2024-01-17 09:57:39,017 : WARNING : pionex_spot: Unhandled message {'type': 'ERROR', 'code': 'INVALID_OP', 'message': 'invalid `op`', 'timestamp': 1705456658944}
2024-01-17 09:57:39,018 : WARNING : pionex_spot: Unhandled message {'type': 'ERROR', 'code': 'INVALID_OP', 'message': 'invalid `op`', 'timestamp': 1705456658944}
2024-01-17 09:57:39,018 : WARNING : pionex_spot: Unhandled message {'type': 'ERROR', 'code': 'INVALID_OP', 'message': 'invalid `op`', 'timestamp': 1705456658944}
2024-01-17 09:57:39,018 : WARNING : pionex_spot: Unhandled message {'type': 'ERROR', 'code': 'INVALID_OP', 'message': 'invalid `op`', 'timestamp': 1705456658944}
2024-01-17 09:57:39,019 : WARNING : pionex_spot: Unhandled message {'type': 'ERROR', 'code': 'INVALID_OP', 'message': 'invalid `op`', 'timestamp': 1705456658944}
2024-01-17 09:57:39,019 : WARNING : pionex_spot: Unhandled message {'type': 'ERROR', 'code': 'INVALID_OP', 'message': 'invalid `op`', 'timestamp': 1705456658944}
2024-01-17 09:57:39,019 : WARNING : pionex_spot: Unhandled message {'op': 'CLOSE', 'timestamp': 1705456658944, 'note': 'rate limit'}
2024-01-17 10:02:58,741 : WARNING : pionex_spot: Unhandled message {'op': 'PING', 'timestamp': 1705456978670}
2024-01-17 10:03:13,742 : WARNING : pionex_spot: Unhandled message {'op': 'PING', 'timestamp': 1705456993671}
2024-01-17 10:03:28,742 : WARNING : pionex_spot: Unhandled message {'op': 'PING', 'timestamp': 1705457008672}
2024-01-17 10:03:43,743 : WARNING : pionex_spot: Unhandled message {'op': 'CLOSE', 'timestamp': 1705457023672, 'note': 'missed pong exceed max limit'}
2024-01-17 10:04:14,933 : WARNING : pionex_spot: Unhandled message {'op': 'PING', 'timestamp': 1705457054860}
2024-01-17 10:04:29,935 : WARNING : pionex_spot: Unhandled message {'op': 'PING', 'timestamp': 1705457069860}
2024-01-17 10:04:59,840 : WARNING : pionex_spot: Unhandled message {'op': 'PING', 'timestamp': 1705457099760}
2024-01-17 10:18:37,406 : ERROR : pionex_spot.ws.1: encountered an exception, reconnecting in 1.0 seconds
Traceback (most recent call last):
  File "/home/ubuntu/miniconda3/lib/python3.8/site-packages/cryptofeed/connection_handler.py", line 69, in _create_connection
    await self._handler(connection, self.handler)
  File "/home/ubuntu/miniconda3/lib/python3.8/site-packages/cryptofeed/connection_handler.py", line 119, in _handler
    await handler(message, connection, self.conn.last_message)
  File "/home/ubuntu/dev/datafeed/exchange/pionex.py", line 138, in message_handler
    await self._book(msg, timestamp)
  File "/home/ubuntu/dev/datafeed/exchange/pionex.py", line 105, in _book
    self._l2_book[pair] = OrderBook(self.id, pair, max_depth=self.max_depth, checksum_format=self.id, bids=bids, asks=asks)
  File "cryptofeed/types.pyx", line 401, in cryptofeed.types.OrderBook.__init__
TypeError: invalid checksum format specified
2024-01-17 10:21:17,085 : ERROR : pionex_spot.ws.1: encountered an exception, reconnecting in 1.0 seconds
Traceback (most recent call last):
  File "/home/ubuntu/miniconda3/lib/python3.8/site-packages/cryptofeed/connection_handler.py", line 69, in _create_connection
    await self._handler(connection, self.handler)
  File "/home/ubuntu/miniconda3/lib/python3.8/site-packages/cryptofeed/connection_handler.py", line 119, in _handler
    await handler(message, connection, self.conn.last_message)
  File "/home/ubuntu/dev/datafeed/exchange/pionex.py", line 138, in message_handler
    await self._book(msg, timestamp)
  File "/home/ubuntu/dev/datafeed/exchange/pionex.py", line 108, in _book
    await self.book_callback(L2_BOOK, self._l2_book[pair], timestamp, timestamp=self.timestamp_normalize(int(msg['timestamp'])), raw=msg)
  File "/home/ubuntu/miniconda3/lib/python3.8/site-packages/cryptofeed/feed.py", line 247, in book_callback
    await self.callback(book_type, book, receipt_timestamp)
  File "/home/ubuntu/miniconda3/lib/python3.8/site-packages/cryptofeed/feed.py", line 258, in callback
    await cb(obj, receipt_timestamp)
TypeError: orderbook() takes 1 positional argument but 2 were given
2024-01-17 10:21:19,078 : ERROR : pionex_spot.ws.1: encountered an exception, reconnecting in 2.0 seconds
Traceback (most recent call last):
  File "/home/ubuntu/miniconda3/lib/python3.8/site-packages/cryptofeed/connection_handler.py", line 61, in _create_connection
    await self.subscribe(connection)
  File "/home/ubuntu/dev/datafeed/exchange/pionex.py", line 84, in subscribe
    await connection.write(json.dumps(msg))
  File "/home/ubuntu/miniconda3/lib/python3.8/site-packages/cryptofeed/connection.py", line 340, in write
    raise ConnectionClosed
cryptofeed.exceptions.ConnectionClosed
2024-01-17 10:24:18,594 : WARNING : pionex_spot: Unhandled message {'topic': 'DEPTH', 'symbol': 'BTC_USDT', 'data': {'bids': [['43011.08', '3.805296'], ['43010.21', '0.06142'], ['43009.32', '0.239364'], ['43008.66', '0.000009'], ['43008.42', '0.251108'], ['43007.5', '0.245412'], ['43006.56', '0.227972'], ['43005.61', '0.610612'], ['43004.63', '2.501044'], ['43002.48', '8.08571']], 'asks': [['43013.77', '0.093664'], ['43014.69', '0.051216'], ['43015.63', '0.528028'], ['43016.58', '0.056608'], ['43017.56', '0.290832'], ['43021.55', '0.192712'], ['43021.86', '0.005891'], ['43022.07', '0.000204'], ['43022.22', '0.00023'], ['43022.39', '0.000408']]}, 'timestamp': 1705458258399}
2024-01-17 10:24:19,964 : WARNING : pionex_spot: Unhandled message {'topic': 'DEPTH', 'symbol': 'BTC_USDT', 'data': {'bids': [['43017.98', '3.158905'], ['43017.11', '0.437032'], ['43016.22', '0.177856'], ['43015.32', '0.263872'], ['43014.4', '0.11938'], ['43013.46', '0.148904'], ['43012.51', '0.354464'], ['43011.53', '0.603456'], ['43009.38', '6.71268'], ['43009.13', '0.05508']], 'asks': [['43018.01', '0.241647'], ['43018.88', '0.180128'], ['43019.77', '0.183204'], ['43020.67', '0.194376'], ['43021.59', '0.027892'], ['43022.53', '0.160084'], ['43023.48', '0.185584'], ['43024.46', '0.82888'], ['43026.61', '0.513519'], ['43027.07', '0.12954']]}, 'timestamp': 1705458259792}
2024-01-17 10:24:21,348 : WARNING : pionex_spot: Unhandled message {'topic': 'DEPTH', 'symbol': 'BTC_USDT', 'data': {'bids': [['43017.98', '3.378888'], ['43017.11', '0.438304'], ['43016.22', '0.177856'], ['43015.32', '0.266652'], ['43014.4', '0.119344'], ['43013.46', '0.148904'], ['43012.51', '0.357196'], ['43011.53', '0.603456'], ['43009.38', '6.71268'], ['43009.13', '0.05508']], 'asks': [['43018.01', '0.29818'], ['43018.88', '0.004592'], ['43019.77', '0.382112'], ['43020.67', '0.12148'], ['43021.59', '0.027892'], ['43022.53', '0.160084'], ['43023.48', '0.187268'], ['43024.46', '0.82888'], ['43026.61', '0.513519'], ['43026.78', '0.009758']]}, 'timestamp': 1705458261154}
2024-01-17 10:24:22,401 : WARNING : pionex_spot: Unhandled message {'topic': 'DEPTH', 'symbol': 'BTC_USDT', 'data': {'bids': [['43024.91', '1.245882'], ['43024.04', '1.903608'], ['43023.15', '1.62962'], ['43022.25', '0.16'], ['43021.59', '0.00001'], ['43021.33', '0.1961'], ['43020.39', '0.506272'], ['43019.44', '0.671524'], ['43018.46', '0.524888'], ['43016.31', '2.647623']], 'asks': [['43027.6', '0.17824'], ['43028.52', '0.140256'], ['43028.65', '0.000009'], ['43029.46', '0.131396'], ['43030.41', '0.160848'], ['43030.57', '0.0021'], ['43031.39', '0.196032'], ['43033.37', '0.000283'], ['43036.19', '0.295307'], ['43036.4', '0.000349']]}, 'timestamp': 1705458262271}
2024-01-17 10:24:23,540 : WARNING : pionex_spot: Unhandled message {'topic': 'DEPTH', 'symbol': 'BTC_USDT', 'data': {'bids': [['43027.56', '2.101844'], ['43026.69', '0.266468'], ['43025.8', '0.154348'], ['43024.9', '0.980152'], ['43023.98', '0.308116'], ['43023.04', '0.15554'], ['43022.09', '0.215736'], ['43021.59', '0.00001'], ['43021.11', '1.064972'], ['43018.96', '4.466419']], 'asks': [['43027.59', '0.913348'], ['43028.46', '0.185068'], ['43028.65', '0.000009'], ['43029.35', '0.233656'], ['43030.25', '0.008192'], ['43030.57', '0.0021'], ['43031.17', '0.341052'], ['43032.11', '0.029232'], ['43033.06', '0.268456'], ['43033.37', '0.000283']]}, 'timestamp': 1705458263347}
2024-01-17 10:24:24,581 : WARNING : pionex_spot: Unhandled message {'topic': 'DEPTH', 'symbol': 'BTC_USDT', 'data': {'bids': [['43027.56', '0.728381'], ['43026.69', '0.256492'], ['43025.8', '0.04076'], ['43024.9', '0.003416'], ['43023.98', '0.104416'], ['43023.04', '0.042476'], ['43022.09', '0.173968'], ['43021.59', '0.00001'], ['43021.11', '0.987504'], ['43018.96', '1.547816']], 'asks': [['43027.59', '1.870904'], ['43028.46', '0.20036'], ['43028.65', '0.000009'], ['43029.35', '0.3066'], ['43030.25', '0.163268'], ['43030.57', '0.0021'], ['43031.17', '0.240452'], ['43032.11', '0.001804'], ['43033.06', '0.271712'], ['43033.37', '0.000283']]}, 'timestamp': 1705458264415}
2024-01-17 10:24:25,960 : WARNING : pionex_spot: Unhandled message {'topic': 'DEPTH', 'symbol': 'BTC_USDT', 'data': {'bids': [['43027.56', '1.627556'], ['43026.69', '0.256492'], ['43025.8', '0.12076'], ['43024.9', '0.083416'], ['43023.98', '0.205452'], ['43023.04', '0.103568'], ['43022.09', '0.222564'], ['43021.11', '0.455872'], ['43018.96', '3.458557'], ['43018.66', '0.000349']], 'asks': [['43027.59', '0.904146'], ['43028.46', '0.20036'], ['43028.65', '0.000009'], ['43029.35', '0.17858'], ['43030.25', '0.003268'], ['43030.57', '0.0021'], ['43031.17', '0.194924'], ['43032.11', '0.001804'], ['43033.06', '0.296812'], ['43033.37', '0.000283']]}, 'timestamp': 1705458265792}
2024-01-17 10:24:26,903 : WARNING : pionex_spot: Unhandled message {'topic': 'DEPTH', 'symbol': 'BTC_USDT', 'data': {'bids': [['43027.56', '1.613449'], ['43026.69', '0.256492'], ['43025.8', '0.12076'], ['43024.9', '0.112544'], ['43023.98', '0.08042'], ['43023.04', '0.042476'], ['43022.09', '0.222564'], ['43021.11', '0.455872'], ['43018.96', '3.458557'], ['43018.66', '0.000349']], 'asks': [['43027.59', '1.14232'], ['43028.46', '0.092576'], ['43028.65', '0.000009'], ['43029.35', '0.17858'], ['43030.25', '0.083268'], ['43030.57', '0.0021'], ['43031.17', '0.284316'], ['43032.11', '0.001804'], ['43033.06', '0.264956'], ['43033.37', '0.000283']]}, 'timestamp': 1705458266771}
2024-01-17 10:24:27,580 : WARNING : pionex_spot: Unhandled message {'topic': 'DEPTH', 'symbol': 'BTC_USDT', 'data': {'bids': [['43027.56', '0.675593'], ['43026.69', '0.186468'], ['43025.8', '0.730372'], ['43024.9', '0.003368'], ['43023.98', '0.000492'], ['43023.04', '0.090476'], ['43022.09', '0.085944'], ['43021.11', '0.383304'], ['43018.96', '1.43565'], ['43018.66', '0.000349']], 'asks': [['43027.59', '1.627032'], ['43028.46', '0.092576'], ['43028.65', '0.000009'], ['43029.35', '0.226608'], ['43030.25', '0.163268'], ['43030.57', '0.0021'], ['43031.17', '0.277684'], ['43032.11', '0.064148'], ['43033.06', '0.275984'], ['43033.37', '0.000283']]}, 'timestamp': 1705458267388}
2024-01-17 10:24:28,205 : WARNING : pionex_spot: Unhandled message {'topic': 'DEPTH', 'symbol': 'BTC_USDT', 'data': {'bids': [['43027.56', '0.675593'], ['43026.69', '0.186468'], ['43025.8', '0.730372'], ['43024.9', '0.003368'], ['43023.98', '0.000492'], ['43023.04', '0.090476'], ['43022.09', '0.085944'], ['43021.11', '0.383304'], ['43018.66', '0.000349'], ['43018.4', '0.000349']], 'asks': [['43027.59', '1.627032'], ['43028.46', '0.092576'], ['43028.65', '0.000009'], ['43029.35', '0.226608'], ['43030.25', '0.163268'], ['43030.57', '0.0021'], ['43031.17', '0.277684'], ['43032.11', '0.064148'], ['43033.06', '0.275984'], ['43033.37', '0.000283']]}, 'timestamp': 1705458268106}
2024-01-17 10:24:28,861 : WARNING : pionex_spot: Unhandled message {'topic': 'DEPTH', 'symbol': 'BTC_USDT', 'data': {'bids': [['43027.56', '0.440498'], ['43026.69', '0.000492'], ['43025.8', '0.730372'], ['43024.9', '0.003368'], ['43023.98', '0.000492'], ['43023.04', '0.090476'], ['43022.09', '0.165268'], ['43021.11', '1.076844'], ['43018.96', '0.936097'], ['43018.66', '0.000349']], 'asks': [['43027.59', '1.742808'], ['43028.46', '0.092576'], ['43028.65', '0.000009'], ['43029.35', '0.226608'], ['43030.25', '0.083268'], ['43030.57', '0.0021'], ['43031.17', '0.277684'], ['43032.11', '0.064148'], ['43033.06', '0.275984'], ['43033.37', '0.000283']]}, 'timestamp': 1705458268770}
2024-01-17 10:24:29,969 : WARNING : pionex_spot: Unhandled message {'topic': 'DEPTH', 'symbol': 'BTC_USDT', 'data': {'bids': [['43021.11', '0.14112'], ['43012.94', '0.000349'], ['43012.68', '0.000349'], ['43012.49', '1.303764'], ['43012.48', '0.140157'], ['43012.44', '2.17283'], ['43012.42', '0.000349'], ['43012.16', '0.000349'], ['43012.11', '0.000102'], ['43011.9', '0.000349']], 'asks': [['43027.59', '1.733164'], ['43028.46', '0.092576'], ['43028.65', '0.000009'], ['43029.35', '0.226608'], ['43030.25', '0.003268'], ['43030.57', '0.0021'], ['43031.17', '0.277684'], ['43032.11', '0.144196'], ['43033.06', '0.243736'], ['43033.37', '0.000283']]}, 'timestamp': 1705458269806}
2024-01-17 10:24:30,697 : WARNING : pionex_spot: Unhandled message {'topic': 'DEPTH', 'symbol': 'BTC_USDT', 'data': {'bids': [['43021.54', '0.327009'], ['43020.67', '0.000492'], ['43019.78', '0.233468'], ['43018.88', '0.288684'], ['43017.96', '0.394564'], ['43017.02', '0.355976'], ['43016.07', '0.946216'], ['43015.09', '0.148012'], ['43012.94', '0.694909'], ['43012.68', '0.000349']], 'asks': [['43021.57', '1.75764'], ['43022.44', '0.36046'], ['43023.33', '0.293048'], ['43024.23', '0.30812'], ['43025.15', '0.374736'], ['43026.09', '0.289212'], ['43027.04', '0.449504'], ['43028.02', '0.806136'], ['43028.65', '0.000009'], ['43030.17', '3.734985']]}, 'timestamp': 1705458270567}
2024-01-17 10:24:31,990 : WARNING : pionex_spot: Unhandled message {'topic': 'DEPTH', 'symbol': 'BTC_USDT', 'data': {'bids': [['43021.54', '0.463764'], ['43020.67', '0.157492'], ['43019.78', '0.218156'], ['43018.88', '0.115348'], ['43017.96', '0.410564'], ['43017.02', '0.355976'], ['43016.07', '0.922804'], ['43015.09', '0.148012'], ['43012.94', '0.694909'], ['43012.93', '0.136']], 'asks': [['43021.57', '2.037308'], ['43022.44', '0.36046'], ['43023.33', '0.41192'], ['43024.23', '0.230724'], ['43025.15', '0.294736'], ['43026.09', '0.22812'], ['43027.04', '0.590596'], ['43028.02', '0.910976'], ['43028.65', '0.000009'], ['43030.17', '3.734985']]}, 'timestamp': 1705458271796}
2024-01-17 10:24:33,311 : WARNING : pionex_spot: Unhandled message {'topic': 'DEPTH', 'symbol': 'BTC_USDT', 'data': {'bids': [['43021.54', '0.063236'], ['43020.67', '0.000492'], ['43019.78', '0.000492'], ['43018.88', '0.003348'], ['43017.96', '0.408612'], ['43017.02', '0.332012'], ['43016.07', '0.901752'], ['43015.09', '0.070648'], ['43012.94', '0.134377'], ['43012.68', '0.000349']], 'asks': [['43021.57', '2.185376'], ['43022.44', '0.28046'], ['43023.33', '0.487928'], ['43024.23', '0.150652'], ['43025.15', '1.091916'], ['43026.09', '0.22812'], ['43027.04', '0.82146'], ['43028.02', '0.913512'], ['43028.65', '0.000009'], ['43030.17', '3.734985']]}, 'timestamp': 1705458273127}
2024-01-17 10:24:33,893 : WARNING : pionex_spot: Unhandled message {'topic': 'DEPTH', 'symbol': 'BTC_USDT', 'data': {'bids': [['43021.54', '0.063236'], ['43020.67', '0.000492'], ['43019.78', '0.000492'], ['43018.88', '0.003348'], ['43017.96', '0.408612'], ['43017.02', '0.332012'], ['43016.07', '0.901752'], ['43015.09', '0.070648'], ['43012.94', '0.134377'], ['43012.68', '0.000349']], 'asks': [['43021.57', '2.185376'], ['43022.44', '0.28046'], ['43023.33', '0.487928'], ['43024.23', '0.150652'], ['43025.15', '1.091916'], ['43026.09', '0.22812'], ['43027.04', '0.82146'], ['43028.02', '0.913512'], ['43028.65', '0.000009'], ['43030.17', '3.734985']]}, 'timestamp': 1705458273795}
2024-01-17 10:24:34,621 : WARNING : pionex_spot: Unhandled message {'topic': 'DEPTH', 'symbol': 'BTC_USDT', 'data': {'bids': [['43021.54', '0.178174'], ['43020.67', '0.000492'], ['43019.78', '0.220528'], ['43018.88', '0.083348'], ['43017.96', '0.311428'], ['43017.02', '0.332012'], ['43016.07', '0.967392'], ['43015.09', '0.150648'], ['43012.94', '0.37865'], ['43012.68', '0.000349']], 'asks': [['43021.57', '1.966884'], ['43022.44', '0.36046'], ['43023.33', '0.487928'], ['43024.23', '0.150652'], ['43025.15', '1.030824'], ['43026.09', '0.34848'], ['43027.04', '0.882552'], ['43028.02', '0.913152'], ['43028.65', '0.000009'], ['43030.17', '3.734985']]}, 'timestamp': 1705458274488}
2024-01-17 10:24:35,289 : WARNING : pionex_spot: Unhandled message {'topic': 'DEPTH', 'symbol': 'BTC_USDT', 'data': {'bids': [['43021.54', '0.17816'], ['43020.67', '0.000492'], ['43019.78', '0.220528'], ['43018.88', '0.083348'], ['43017.96', '0.311428'], ['43017.02', '0.332012'], ['43016.07', '0.967392'], ['43015.09', '0.150648'], ['43012.94', '0.37865'], ['43012.68', '0.000349']], 'asks': [['43021.57', '1.966884'], ['43022.44', '0.36046'], ['43023.33', '0.487928'], ['43024.23', '0.150652'], ['43025.15', '1.030824'], ['43026.09', '0.34848'], ['43027.04', '0.882552'], ['43028.02', '0.913152'], ['43028.65', '0.000009'], ['43030.17', '3.734985']]}, 'timestamp': 1705458275125}
2024-01-17 10:24:36,313 : WARNING : pionex_spot: Unhandled message {'topic': 'DEPTH', 'symbol': 'BTC_USDT', 'data': {'bids': [['43021.54', '0.068624'], ['43020.67', '0.000492'], ['43019.78', '0.052348'], ['43018.88', '0.083348'], ['43017.96', '0.311428'], ['43017.02', '0.332012'], ['43016.07', '0.966896'], ['43015.09', '0.150648'], ['43012.94', '0.129226'], ['43012.68', '0.000349']], 'asks': [['43021.57', '2.2106'], ['43022.44', '0.42766'], ['43023.33', '0.247104'], ['43024.23', '0.150652'], ['43025.15', '1.030824'], ['43026.09', '0.30848'], ['43027.04', '0.962552'], ['43028.02', '0.929604'], ['43028.65', '0.000009'], ['43030.17', '3.734985']]}, 'timestamp': 1705458276200}
2024-01-17 10:24:37,426 : WARNING : pionex_spot: Unhandled message {'topic': 'DEPTH', 'symbol': 'BTC_USDT', 'data': {'bids': [['43018.88', '0.323956'], ['43017.96', '0.247428'], ['43017.02', '0.316012'], ['43016.07', '0.209384'], ['43015.09', '0.110564'], ['43010.81', '0.284521'], ['43010.79', '0.005721'], ['43010.6', '0.000349'], ['43010.58', '0.395267'], ['43010.57', '0.001505']], 'asks': [['43021.54', '0.000003'], ['43021.57', '2.217636'], ['43022.44', '0.42766'], ['43023.33', '0.247104'], ['43024.23', '0.150652'], ['43025.15', '1.033592'], ['43026.09', '0.30848'], ['43027.04', '0.962552'], ['43028.02', '0.922108'], ['43028.65', '0.000009']]}, 'timestamp': 1705458277264}
2024-01-17 10:24:38,206 : WARNING : pionex_spot: Unhandled message {'topic': 'DEPTH', 'symbol': 'BTC_USDT', 'data': {'bids': [['43018.88', '0.323953'], ['43017.96', '0.247428'], ['43017.02', '0.316012'], ['43016.07', '0.209384'], ['43015.09', '0.110564'], ['43010.81', '0.284521'], ['43010.79', '0.005721'], ['43010.6', '0.000349'], ['43010.57', '0.001505'], ['43010.34', '0.000349']], 'asks': [['43021.54', '0.000003'], ['43021.57', '2.217636'], ['43022.44', '0.42766'], ['43023.33', '0.247104'], ['43024.23', '0.150652'], ['43025.15', '1.033592'], ['43026.09', '0.30848'], ['43027.04', '0.962552'], ['43028.02', '0.922108'], ['43028.65', '0.000009']]}, 'timestamp': 1705458278102}
2024-01-17 10:24:39,000 : WARNING : pionex_spot: Unhandled message {'topic': 'DEPTH', 'symbol': 'BTC_USDT', 'data': {'bids': [['43019.41', '0.826989'], ['43018.54', '0.00394'], ['43017.65', '0.279476'], ['43016.75', '0.003624'], ['43015.83', '0.168376'], ['43014.89', '0.32144'], ['43013.94', '1.820484'], ['43012.96', '1.637316'], ['43010.81', '1.757367'], ['43010.79', '0.005721']], 'asks': [['43019.44', '1.274072'], ['43020.31', '0.739196'], ['43021.2', '0.1477'], ['43021.54', '0.000003'], ['43022.1', '0.568436'], ['43023.02', '0.296548'], ['43023.96', '0.189172'], ['43024.91', '0.153736'], ['43025.89', '1.186868'], ['43028.04', '2.707403']]}, 'timestamp': 1705458278799}
2024-01-17 10:24:39,913 : WARNING : pionex_spot: Unhandled message {'topic': 'DEPTH', 'symbol': 'BTC_USDT', 'data': {'bids': [['43011.72', '0.001856'], ['43010.78', '0.796208'], ['43009.83', '0.593736'], ['43008.85', '0.181548'], ['43003.84', '0.000349'], ['43003.58', '0.000349'], ['43003.36', '0.002712'], ['43003.32', '0.000349'], ['43003.21', '0.000187'], ['43003.06', '0.000349']], 'asks': [['43015.33', '0.332152'], ['43016.2', '1.1435'], ['43017.09', '2.779068'], ['43017.99', '1.53024'], ['43018.91', '0.559988'], ['43019.85', '1.434868'], ['43020.8', '0.296936'], ['43021.54', '0.000003'], ['43021.78', '0.463272'], ['43023.93', '0.707617']]}, 'timestamp': 1705458279807}
2024-01-17 10:24:41,033 : WARNING : pionex_spot: Unhandled message {'topic': 'DEPTH', 'symbol': 'BTC_USDT', 'data': {'bids': [['43012.44', '1.130559'], ['43011.57', '0.001856'], ['43010.68', '0.169404'], ['43009.78', '0.203096'], ['43008.86', '0.050252'], ['43007.92', '1.639424'], ['43006.97', '0.397812'], ['43005.99', '0.120128'], ['43003.84', '2.402474'], ['43003.58', '0.000349']], 'asks': [['43012.47', '1.596308'], ['43013.34', '0.173348'], ['43014.23', '0.041972'], ['43015.13', '0.459364'], ['43016.05', '0.874072'], ['43016.99', '0.537496'], ['43017.94', '0.4025'], ['43018.92', '0.542364'], ['43021.07', '3.392155'], ['43021.17', '0.197668']]}, 'timestamp': 1705458280898}
2024-01-17 10:24:42,164 : WARNING : pionex_spot: Unhandled message {'topic': 'DEPTH', 'symbol': 'BTC_USDT', 'data': {'bids': [['43012.44', '1.140099'], ['43011.57', '0.001856'], ['43010.68', '0.169404'], ['43009.78', '0.203096'], ['43008.86', '0.050252'], ['43007.92', '1.639424'], ['43006.97', '0.399272'], ['43005.99', '0.122656'], ['43003.84', '2.402474'], ['43003.58', '0.000349']], 'asks': [['43016.05', '0.800464'], ['43016.99', '0.537496'], ['43017.94', '0.402696'], ['43018.92', '0.545096'], ['43023.92', '0.583738'], ['43023.93', '0.154071'], ['43024.09', '0.17'], ['43024.18', '0.000349'], ['43024.36', '0.051'], ['43024.44', '0.000349']]}, 'timestamp': 1705458282017}
2024-01-17 10:24:43,294 : WARNING : pionex_spot: Unhandled message {'topic': 'DEPTH', 'symbol': 'BTC_USDT', 'data': {'bids': [['43016.33', '0.893862'], ['43015.46', '0.7766'], ['43014.57', '0.341452'], ['43013.67', '1.751668'], ['43012.75', '0.331992'], ['43011.81', '1.070736'], ['43010.86', '0.249568'], ['43009.88', '0.253496'], ['43007.73', '1.89947'], ['43007.13', '0.195483']], 'asks': [['43017.23', '0.037364'], ['43018.12', '0.0449'], ['43019.02', '0.000656'], ['43019.94', '0.854444'], ['43020.88', '0.042184'], ['43021.83', '0.391608'], ['43022.81', '0.408388'], ['43025.48', '0.000349'], ['43025.74', '0.000349'], ['43026', '0.000349']]}, 'timestamp': 1705458283121}
2024-01-17 10:24:43,857 : WARNING : pionex_spot: Unhandled message {'topic': 'DEPTH', 'symbol': 'BTC_USDT', 'data': {'bids': [['43016.59', '3.387231'], ['43015.72', '0.521208'], ['43014.83', '0.40344'], ['43013.93', '0.407444'], ['43013.01', '0.220484'], ['43012.07', '0.730876'], ['43011.12', '0.397624'], ['43010.14', '1.16578'], ['43007.99', '7.197919'], ['43007.79', '0.000102']], 'asks': [['43016.62', '0.555412'], ['43017.49', '0.06144'], ['43018.38', '0.345008'], ['43019.28', '0.09366'], ['43020.2', '0.041972'], ['43021.14', '0.299668'], ['43022.09', '0.162212'], ['43023.07', '1.122292'], ['43025.22', '1.180251'], ['43025.48', '0.000349']]}, 'timestamp': 1705458283748}
2024-01-17 10:24:44,884 : WARNING : pionex_spot: Unhandled message {'topic': 'DEPTH', 'symbol': 'BTC_USDT', 'data': {'bids': [['43016.59', '3.556521'], ['43015.72', '0.521208'], ['43014.83', '0.407592'], ['43013.93', '0.383444'], ['43013.01', '0.245948'], ['43012.07', '0.730876'], ['43011.12', '0.32804'], ['43010.14', '1.165764'], ['43007.99', '7.197919'], ['43007.79', '0.000102']], 'asks': [['43016.62', '0.556948'], ['43017.49', '0.06144'], ['43018.38', '0.312716'], ['43019.28', '0.189264'], ['43020.2', '0.041972'], ['43021.14', '0.299668'], ['43022.09', '0.162212'], ['43023.07', '1.122292'], ['43025.22', '1.180251'], ['43025.48', '0.000349']]}, 'timestamp': 1705458284690}
2024-01-17 10:24:46,280 : WARNING : pionex_spot: Unhandled message {'topic': 'DEPTH', 'symbol': 'BTC_USDT', 'data': {'bids': [['43013.93', '0.383444'], ['43013.01', '0.220484'], ['43012.07', '0.728876'], ['43011.12', '0.32804'], ['43010.14', '1.165764'], ['43006.06', '0.01955'], ['43005.92', '0.000349'], ['43005.84', '0.0055'], ['43005.66', '0.000349'], ['43005.4', '0.000349']], 'asks': [['43016.59', '0.000004'], ['43016.62', '0.611044'], ['43017.49', '0.06144'], ['43018.38', '0.312716'], ['43019.28', '0.189264'], ['43020.2', '0.041972'], ['43021.14', '0.379668'], ['43022.09', '0.154716'], ['43023.07', '1.202292'], ['43025.22', '1.180251']]}, 'timestamp': 1705458286122}
2024-01-17 10:24:47,298 : WARNING : pionex_spot: Unhandled message {'topic': 'DEPTH', 'symbol': 'BTC_USDT', 'data': {'bids': [['43014.66', '0.328732'], ['43013.79', '0.428768'], ['43012.9', '0.08536'], ['43012', '0.069788'], ['43011.08', '0.253924'], ['43010.14', '0.236804'], ['43009.19', '0.150336'], ['43008.21', '0.003176'], ['43006.06', '0.698556'], ['43005.92', '0.000349']], 'asks': [['43014.69', '3.072248'], ['43015.56', '0.080328'], ['43016.45', '0.326036'], ['43016.59', '0.000004'], ['43017.35', '0.442284'], ['43018.27', '0.205584'], ['43019.21', '0.227596'], ['43020.16', '0.963232'], ['43021.14', '0.297604'], ['43023.29', '6.528527']]}, 'timestamp': 1705458287122}
2024-01-17 10:24:47,858 : WARNING : pionex_spot: Unhandled message {'topic': 'DEPTH', 'symbol': 'BTC_USDT', 'data': {'bids': [['43012.9', '0.367392'], ['43012', '0.069788'], ['43011.08', '0.277924'], ['43010.14', '0.236804'], ['43009.19', '0.150064'], ['43008.21', '0.02884'], ['43005.14', '0.176894'], ['43004.88', '0.0038'], ['43004.86', '0.395318'], ['43004.64', '0.068']], 'asks': [['43014.66', '0.000004'], ['43014.69', '3.080812'], ['43015.56', '0.080328'], ['43016.45', '0.35426'], ['43016.59', '0.000004'], ['43017.35', '0.442228'], ['43018.27', '0.205584'], ['43019.21', '0.227596'], ['43020.16', '0.963428'], ['43021.14', '0.297604']]}, 'timestamp': 1705458287752}
2024-01-17 10:24:49,030 : WARNING : pionex_spot: Unhandled message {'topic': 'DEPTH', 'symbol': 'BTC_USDT', 'data': {'bids': [['43011.08', '0.253924'], ['43010.16', '0.236804'], ['43009.22', '0.064792'], ['43008.27', '0.000848'], ['43007.29', '0.05018'], ['43002.49', '0.059517'], ['43002.28', '0.002321'], ['43002.02', '0.000349'], ['43001.81', '0.000408'], ['43001.78', '0.181076']], 'asks': [['43013.74', '0.00002'], ['43013.77', '3.83582'], ['43014.64', '0.470636'], ['43014.66', '0.000007'], ['43015.53', '0.372336'], ['43016.43', '0.476064'], ['43017.35', '0.278156'], ['43018.29', '0.205584'], ['43019.24', '0.22776'], ['43020.22', '0.963068']]}, 'timestamp': 1705458288839}
2024-01-17 10:24:50,314 : WARNING : pionex_spot: Unhandled message {'topic': 'DEPTH', 'symbol': 'BTC_USDT', 'data': {'bids': [['43007.65', '0.530158'], ['43006.78', '0.140104'], ['43005.89', '0.008164'], ['43004.07', '0.484316'], ['43003.13', '1.945476'], ['43002.18', '0.227976'], ['43001.2', '0.037948'], ['42999.05', '1.126641'], ['42999.02', '0.003256'], ['42998.9', '0.000349']], 'asks': [['43007.68', '2.627632'], ['43008.55', '0.15'], ['43009.44', '0.15772'], ['43010.34', '1.479148'], ['43011.08', '0.000018'], ['43011.26', '0.333588'], ['43012.2', '0.097564'], ['43013.15', '0.625024'], ['43013.74', '0.00002'], ['43014.13', '0.548348']]}, 'timestamp': 1705458290126}
2024-01-17 10:24:50,946 : WARNING : pionex_spot: Unhandled message {'topic': 'DEPTH', 'symbol': 'BTC_USDT', 'data': {'bids': [['43007.65', '0.157721'], ['43006.78', '0.006024'], ['43005.89', '0.001876'], ['43004.99', '0.124532'], ['43004.07', '0.0163'], ['43003.13', '0.292348'], ['43002.18', '0.222924'], ['43001.2', '0.313528'], ['42999.05', '0.335172'], ['42999.02', '0.003256']], 'asks': [['43007.68', '2.992152'], ['43008.55', '0.150328'], ['43009.44', '0.1641'], ['43010.34', '0.490404'], ['43011.08', '0.000018'], ['43011.26', '0.55412'], ['43012.2', '0.180972'], ['43013.15', '0.658936'], ['43013.74', '0.00002'], ['43014.13', '0.857244']]}, 'timestamp': 1705458290784}
2024-01-17 10:24:52,106 : WARNING : pionex_spot: Unhandled message {'topic': 'DEPTH', 'symbol': 'BTC_USDT', 'data': {'bids': [['43007.65', '0.664244'], ['43006.78', '0.192088'], ['43005.89', '0.081876'], ['43004.99', '0.13602'], ['43004.07', '0.157392'], ['43003.13', '0.401932'], ['43002.18', '0.225848'], ['43001.2', '0.393936'], ['42999.05', '1.411553'], ['42999.02', '0.003256']], 'asks': [['43007.68', '2.881476'], ['43008.55', '0.070328'], ['43009.44', '0.14544'], ['43010.34', '0.3704'], ['43011.08', '0.000018'], ['43011.26', '0.373024'], ['43012.2', '0.180972'], ['43013.15', '0.60496'], ['43014.13', '0.485364'], ['43016.28', '5.583718']]}, 'timestamp': 1705458291908}
2024-01-17 10:24:53,165 : WARNING : pionex_spot: Unhandled message {'topic': 'DEPTH', 'symbol': 'BTC_USDT', 'data': {'bids': [['43007.65', '1.48595'], ['43006.78', '0.006024'], ['43005.89', '0.142968'], ['43004.99', '0.136068'], ['43004.07', '0.096108'], ['43003.13', '0.316156'], ['43002.18', '0.226976'], ['43001.2', '0.393936'], ['42999.05', '3.157716'], ['42999.02', '0.003256']], 'asks': [['43007.68', '1.0959'], ['43008.55', '0.167048'], ['43009.44', '0.078212'], ['43010.34', '0.334128'], ['43011.26', '0.253652'], ['43012.2', '0.12538'], ['43013.15', '0.450016'], ['43014.13', '0.437628'], ['43016.28', '2.328788'], ['43016.61', '0.088145']]}, 'timestamp': 1705458293046}
2024-01-17 10:24:54,307 : WARNING : pionex_spot: Unhandled message {'topic': 'DEPTH', 'symbol': 'BTC_USDT', 'data': {'bids': [['43007.65', '1.332552'], ['43006.78', '0.006024'], ['43005.89', '0.081876'], ['43004.99', '0.216064'], ['43004.07', '0.1572'], ['43003.13', '0.316156'], ['43002.18', '0.226776'], ['43001.2', '0.313528'], ['42999.05', '3.157716'], ['42999.02', '0.003256']], 'asks': [['43007.68', '1.16148'], ['43008.55', '0.26008'], ['43009.44', '0.078212'], ['43010.34', '0.334128'], ['43011.26', '0.333652'], ['43012.2', '0.12538'], ['43013.15', '0.532764'], ['43014.13', '0.437628'], ['43016.28', '2.328788'], ['43016.61', '0.285838']]}, 'timestamp': 1705458294134}
2024-01-17 10:24:54,961 : WARNING : pionex_spot: Unhandled message {'topic': 'DEPTH', 'symbol': 'BTC_USDT', 'data': {'bids': [['43007.65', '1.332552'], ['43006.78', '0.006024'], ['43005.89', '0.081876'], ['43004.99', '0.216064'], ['43004.07', '0.1572'], ['43003.13', '0.316156'], ['43002.18', '0.226776'], ['43001.2', '0.313528'], ['42999.05', '3.157716'], ['42999.02', '0.003256']], 'asks': [['43007.68', '1.16148'], ['43008.55', '0.26008'], ['43009.44', '0.078212'], ['43010.34', '0.334128'], ['43011.26', '0.333652'], ['43012.2', '0.12538'], ['43013.15', '0.532764'], ['43014.13', '0.437628'], ['43016.28', '2.328788'], ['43016.61', '0.285838']]}, 'timestamp': 1705458294867}
2024-01-17 10:24:56,296 : WARNING : pionex_spot: Unhandled message {'topic': 'DEPTH', 'symbol': 'BTC_USDT', 'data': {'bids': [['43007.65', '0.607987'], ['43006.78', '0.192088'], ['43005.89', '0.082664'], ['43004.99', '0.136064'], ['43004.07', '0.0772'], ['43003.13', '0.396156'], ['43002.18', '0.224612'], ['43001.2', '0.31372'], ['42999.05', '1.292026'], ['42999.02', '0.003256']], 'asks': [['43007.68', '1.423568'], ['43008.55', '0.26008'], ['43009.44', '0.078212'], ['43010.34', '0.334128'], ['43011.26', '0.333652'], ['43012.2', '0.12538'], ['43013.15', '0.532764'], ['43014.13', '0.52386'], ['43016.28', '2.328788'], ['43016.61', '0.285838']]}, 'timestamp': 1705458296106}
2024-01-17 10:24:56,868 : WARNING : pionex_spot: Unhandled message {'topic': 'DEPTH', 'symbol': 'BTC_USDT', 'data': {'bids': [['43007.65', '0.608186'], ['43006.78', '0.192088'], ['43005.89', '0.082664'], ['43004.99', '0.136064'], ['43004.07', '0.0772'], ['43003.13', '0.396156'], ['43002.18', '0.225292'], ['43001.2', '0.31372'], ['42999.05', '1.292026'], ['42999.02', '0.003256']], 'asks': [['43007.68', '1.25408'], ['43008.55', '0.263836'], ['43009.44', '0.078212'], ['43010.34', '0.334128'], ['43011.26', '0.333652'], ['43012.2', '0.12538'], ['43013.15', '0.532764'], ['43014.13', '0.52386'], ['43016.28', '2.328788'], ['43016.29', '0.007982']]}, 'timestamp': 1705458296712}
2024-01-17 10:24:58,123 : WARNING : pionex_spot: Unhandled message {'topic': 'DEPTH', 'symbol': 'BTC_USDT', 'data': {'bids': [['43007.65', '1.135'], ['43006.78', '0.3012'], ['43005.89', '0.082664'], ['43004.99', '0.168048'], ['43004.07', '0.016108'], ['43003.13', '0.396156'], ['43002.18', '0.226888'], ['43001.2', '0.313528'], ['42999.05', '2.411875'], ['42999.02', '0.003256']], 'asks': [['43007.68', '0.664618'], ['43008.55', '0.263836'], ['43009.44', '0.145412'], ['43010.34', '0.18692'], ['43011.26', '0.253652'], ['43012.2', '0.12538'], ['43013.15', '0.371412'], ['43014.13', '0.464068'], ['43016.28', '1.412547'], ['43016.29', '0.007982']]}, 'timestamp': 1705458297926}
2024-01-17 10:24:59,288 : WARNING : pionex_spot: Unhandled message {'topic': 'DEPTH', 'symbol': 'BTC_USDT', 'data': {'bids': [['43007.65', '1.134805'], ['43006.78', '0.3012'], ['43005.89', '0.108468'], ['43004.99', '0.216052'], ['43004.07', '0.016108'], ['43003.13', '0.396156'], ['43002.18', '0.22708'], ['43001.2', '0.34642'], ['42999.05', '2.411875'], ['42999.02', '0.003256']], 'asks': [['43007.68', '1.02186'], ['43008.55', '0.263836'], ['43009.44', '0.145412'], ['43010.34', '0.26692'], ['43011.26', '0.253652'], ['43012.2', '0.125332'], ['43013.15', '0.445624'], ['43014.13', '0.464068'], ['43016.28', '1.412547'], ['43016.29', '0.007982']]}, 'timestamp': 1705458299113}
2024-01-17 10:25:00,260 : WARNING : pionex_spot: Unhandled message {'topic': 'DEPTH', 'symbol': 'BTC_USDT', 'data': {'bids': [['43007.65', '0.193968'], ['43006.78', '0.006024'], ['43005.89', '0.002664'], ['43004.99', '0.002536'], ['43004.07', '0.016108'], ['43003.13', '0.56358'], ['43002.18', '0.220552'], ['43001.2', '0.316544'], ['42999.05', '0.412182'], ['42999.02', '0.003256']], 'asks': [['43007.68', '1.761076'], ['43008.55', '0.263836'], ['43009.44', '0.244072'], ['43010.34', '0.49092'], ['43011.26', '0.333652'], ['43012.2', '0.186472'], ['43013.15', '0.741868'], ['43014.13', '0.689028'], ['43016.28', '2.701564'], ['43016.29', '0.007982']]}, 'timestamp': 1705458300106}
2024-01-17 10:25:01,012 : WARNING : pionex_spot: Unhandled message {'topic': 'DEPTH', 'symbol': 'BTC_USDT', 'data': {'bids': [['43007.65', '0.193959'], ['43006.78', '0.006024'], ['43005.89', '0.002664'], ['43004.99', '0.002536'], ['43004.07', '0.016108'], ['43003.13', '0.56358'], ['43002.18', '0.220552'], ['43001.2', '0.316544'], ['42999.05', '0.412182'], ['42999.02', '0.003256']], 'asks': [['43007.68', '1.761076'], ['43008.55', '0.263836'], ['43009.44', '0.244072'], ['43010.34', '0.49092'], ['43011.26', '0.333652'], ['43012.2', '0.186472'], ['43013.15', '0.741868'], ['43014.13', '0.689028'], ['43016.28', '2.701564'], ['43016.29', '0.007982']]}, 'timestamp': 1705458300822}
2024-01-17 10:25:02,264 : WARNING : pionex_spot: Unhandled message {'topic': 'DEPTH', 'symbol': 'BTC_USDT', 'data': {'bids': [['43007.65', '0.249519'], ['43006.78', '0.006024'], ['43005.89', '0.082664'], ['43004.99', '0.13844'], ['43004.07', '0.016108'], ['43003.13', '0.441248'], ['43002.18', '0.220552'], ['43001.2', '0.389952'], ['42999.05', '0.412182'], ['42999.02', '0.003256']], 'asks': [['43007.68', '1.711784'], ['43008.55', '0.263836'], ['43009.44', '0.244072'], ['43010.34', '0.49092'], ['43011.26', '0.333652'], ['43012.2', '0.186472'], ['43013.15', '0.744692'], ['43014.13', '0.689028'], ['43016.28', '2.701564'], ['43016.29', '0.007982']]}, 'timestamp': 1705458302101}
2024-01-17 10:25:03,332 : WARNING : pionex_spot: Unhandled message {'topic': 'DEPTH', 'symbol': 'BTC_USDT', 'data': {'bids': [['43003.43', '0.17724'], ['43002.56', '0.006904'], ['43001.67', '0.019008'], ['43000.77', '0.043948'], ['42999.85', '0.265368'], ['42998.91', '0.24836'], ['42997.96', '2.994324'], ['42996.98', '0.181292'], ['42994.83', '0.376635'], ['42994.53', '0.014671']], 'asks': [['43003.46', '2.13786'], ['43004.33', '0.319564'], ['43005.22', '0.257492'], ['43006.12', '0.325484'], ['43006.78', '0.000003'], ['43007.04', '0.094028'], ['43007.98', '0.979484'], ['43008.93', '0.121888'], ['43009.91', '0.507936'], ['43012.06', '4.542953']]}, 'timestamp': 1705458303149}
2024-01-17 10:25:03,989 : WARNING : pionex_spot: Unhandled message {'topic': 'DEPTH', 'symbol': 'BTC_USDT', 'data': {'bids': [['43003.43', '0.177237'], ['43002.56', '0.006904'], ['43001.67', '0.019008'], ['43000.77', '0.043948'], ['42999.85', '0.265368'], ['42998.91', '0.24836'], ['42997.96', '2.994324'], ['42996.98', '0.181292'], ['42994.83', '0.376635'], ['42994.53', '0.014671']], 'asks': [['43003.46', '2.13786'], ['43004.33', '0.319564'], ['43005.22', '0.257492'], ['43006.12', '0.325484'], ['43006.78', '0.000003'], ['43007.04', '0.094028'], ['43007.98', '0.979484'], ['43008.93', '0.121888'], ['43009.91', '0.507936'], ['43012.06', '4.542953']]}, 'timestamp': 1705458303849}
2024-01-17 10:25:04,646 : WARNING : pionex_spot: Unhandled message {'topic': 'DEPTH', 'symbol': 'BTC_USDT', 'data': {'bids': [['43003.43', '0.051577'], ['43002.56', '0.009528'], ['43001.67', '0.003124'], ['43000.77', '0.047972'], ['42999.85', '0.080812'], ['42998.91', '0.707744'], ['42997.96', '1.089324'], ['42996.98', '0.160848'], ['42994.83', '0.109608'], ['42994.74', '0.004531']], 'asks': [['43003.46', '2.412944'], ['43004.33', '0.228384'], ['43005.22', '0.786416'], ['43006.12', '0.421484'], ['43006.78', '0.000003'], ['43007.04', '0.3601'], ['43007.98', '0.955888'], ['43008.93', '0.12674'], ['43009.91', '0.409976'], ['43012.06', '4.542953']]}, 'timestamp': 1705458304481}
2024-01-17 10:25:05,316 : WARNING : pionex_spot: Unhandled message {'topic': 'DEPTH', 'symbol': 'BTC_USDT', 'data': {'bids': [['43003.43', '0.051545'], ['43002.56', '0.009528'], ['43001.67', '0.003124'], ['43000.77', '0.047972'], ['42999.85', '0.080812'], ['42998.91', '0.707744'], ['42997.96', '1.089324'], ['42996.98', '0.160848'], ['42994.83', '0.109608'], ['42994.74', '0.004531']], 'asks': [['43003.46', '2.412944'], ['43004.33', '0.228384'], ['43005.22', '0.786416'], ['43006.12', '0.421484'], ['43006.78', '0.000003'], ['43007.04', '0.3601'], ['43007.98', '0.955888'], ['43008.93', '0.12674'], ['43009.91', '0.409976'], ['43012.06', '4.542953']]}, 'timestamp': 1705458305128}
2024-01-17 10:25:06,293 : WARNING : pionex_spot: Unhandled message {'topic': 'DEPTH', 'symbol': 'BTC_USDT', 'data': {'bids': [['43003.43', '0.0428'], ['43002.56', '0.00294'], ['43001.67', '0.003124'], ['43000.77', '0.066912'], ['42999.85', '0.080812'], ['42998.91', '0.48564'], ['42997.96', '0.294248'], ['42996.98', '0.10654'], ['42994.83', '0.09095'], ['42994.74', '0.004531']], 'asks': [['43003.46', '2.582588'], ['43004.33', '0.135344'], ['43005.22', '0.946752'], ['43006.12', '0.703104'], ['43007.04', '0.3601'], ['43007.98', '1.204488'], ['43008.93', '0.33984'], ['43009.91', '0.409988'], ['43012.06', '4.542953'], ['43012.53', '0.195509']]}, 'timestamp': 1705458306193}
2024-01-17 10:25:07,320 : WARNING : pionex_spot: Unhandled message {'topic': 'DEPTH', 'symbol': 'BTC_USDT', 'data': {'bids': [['43003.43', '0.042036'], ['43002.56', '0.00294'], ['43001.67', '0.003124'], ['43000.77', '0.253008'], ['42999.85', '0.000812'], ['42998.91', '0.48564'], ['42997.96', '0.303848'], ['42996.98', '0.10654'], ['42994.83', '0.09095'], ['42994.74', '0.004531']], 'asks': [['43003.46', '2.56996'], ['43004.33', '0.135344'], ['43005.22', '1.026752'], ['43006.12', '0.703104'], ['43007.04', '0.3601'], ['43007.98', '1.204488'], ['43008.93', '0.33984'], ['43009.91', '0.409988'], ['43012.06', '4.542953'], ['43012.53', '0.195509']]}, 'timestamp': 1705458307122}
2024-01-17 10:25:08,306 : WARNING : pionex_spot: Unhandled message {'topic': 'DEPTH', 'symbol': 'BTC_USDT', 'data': {'bids': [['43003.43', '0.042026'], ['43002.56', '0.00294'], ['43001.67', '0.003124'], ['43000.77', '0.253008'], ['42999.85', '0.000812'], ['42998.91', '0.48564'], ['42997.96', '0.303848'], ['42996.98', '0.10654'], ['42994.83', '0.09095'], ['42994.74', '0.004531']], 'asks': [['43003.46', '2.56996'], ['43004.33', '0.135344'], ['43005.22', '1.026752'], ['43006.12', '0.703104'], ['43007.04', '0.3601'], ['43007.98', '1.204488'], ['43008.93', '0.33984'], ['43009.91', '0.409988'], ['43012.06', '4.542953'], ['43012.53', '0.195509']]}, 'timestamp': 1705458308118}
2024-01-17 10:25:09,291 : WARNING : pionex_spot: Unhandled message {'topic': 'DEPTH', 'symbol': 'BTC_USDT', 'data': {'bids': [['43003.43', '0.176512'], ['43002.56', '0.00294'], ['43001.67', '0.189212'], ['43000.77', '0.030808'], ['42999.85', '0.000812'], ['42998.91', '0.48564'], ['42997.96', '0.376268'], ['42996.98', '0.02654'], ['42994.83', '0.375088'], ['42994.74', '0.004531']], 'asks': [['43003.46', '2.48954'], ['43004.33', '0.215344'], ['43005.22', '0.866752'], ['43006.12', '0.623104'], ['43007.04', '0.0989'], ['43007.98', '1.044488'], ['43008.93', '0.33984'], ['43009.91', '0.40322'], ['43012.06', '4.542953'], ['43012.53', '0.195509']]}, 'timestamp': 1705458309125}
2024-01-17 10:25:09,941 : WARNING : pionex_spot: Unhandled message {'topic': 'DEPTH', 'symbol': 'BTC_USDT', 'data': {'bids': [['43003.43', '0.176509'], ['43002.56', '0.00294'], ['43001.67', '0.189212'], ['43000.77', '0.030808'], ['42999.85', '0.000812'], ['42998.91', '0.48564'], ['42997.96', '0.376268'], ['42996.98', '0.02654'], ['42994.83', '0.375088'], ['42994.74', '0.004531']], 'asks': [['43003.46', '2.48954'], ['43004.33', '0.215344'], ['43005.22', '0.866752'], ['43006.12', '0.623104'], ['43007.04', '0.0989'], ['43007.98', '1.044488'], ['43008.93', '0.33984'], ['43009.91', '0.40322'], ['43012.06', '4.542953'], ['43012.53', '0.195509']]}, 'timestamp': 1705458309846}
2024-01-17 10:25:11,296 : WARNING : pionex_spot: Unhandled message {'topic': 'DEPTH', 'symbol': 'BTC_USDT', 'data': {'bids': [['43003.43', '0.173472'], ['43002.56', '0.00294'], ['43001.67', '0.189212'], ['43000.77', '0.047956'], ['42999.85', '0.000812'], ['42998.91', '0.362928'], ['42997.96', '0.37702'], ['42996.98', '0.02654'], ['42994.83', '0.375088'], ['42994.74', '0.004531']], 'asks': [['43003.46', '2.489417'], ['43004.33', '0.215344'], ['43005.22', '0.866752'], ['43006.12', '0.623104'], ['43007.04', '0.094028'], ['43007.98', '0.983396'], ['43008.93', '0.405804'], ['43009.91', '0.329988'], ['43012.06', '4.542953'], ['43012.53', '0.195509']]}, 'timestamp': 1705458311121}
2024-01-17 10:25:12,380 : WARNING : pionex_spot: Unhandled message {'topic': 'DEPTH', 'symbol': 'BTC_USDT', 'data': {'bids': [['43003.43', '0.1715'], ['43002.56', '0.00294'], ['43001.67', '0.189212'], ['43000.77', '0.047956'], ['42999.85', '0.000812'], ['42998.91', '0.362928'], ['42997.96', '0.374248'], ['42996.98', '0.02654'], ['42994.83', '0.375088'], ['42994.74', '0.004531']], 'asks': [['43003.46', '2.496856'], ['43004.33', '0.215344'], ['43005.22', '0.866752'], ['43006.12', '0.703104'], ['43007.04', '0.094028'], ['43007.98', '0.975896'], ['43008.93', '0.485804'], ['43009.91', '0.329988'], ['43012.06', '4.542953'], ['43012.53', '0.195509']]}, 'timestamp': 1705458312187}
2024-01-17 10:25:13,567 : WARNING : pionex_spot: Unhandled message {'topic': 'DEPTH', 'symbol': 'BTC_USDT', 'data': {'bids': [['43003.43', '0.168347'], ['43002.56', '0.00294'], ['43001.67', '0.189212'], ['43000.77', '0.047956'], ['42999.85', '0.000812'], ['42998.91', '0.362928'], ['42997.96', '0.374248'], ['42996.98', '0.02654'], ['42994.83', '0.375088'], ['42994.74', '0.004531']], 'asks': [['43003.46', '2.49332'], ['43004.33', '0.135344'], ['43005.22', '0.866752'], ['43006.12', '0.703104'], ['43007.04', '0.094028'], ['43007.98', '0.975896'], ['43008.93', '0.485804'], ['43009.91', '0.330096'], ['43012.06', '4.542953'], ['43012.53', '0.195509']]}, 'timestamp': 1705458313468}
2024-01-17 10:25:14,311 : WARNING : pionex_spot: Unhandled message {'topic': 'DEPTH', 'symbol': 'BTC_USDT', 'data': {'bids': [['43003.43', '0.168347'], ['43002.56', '0.00294'], ['43001.67', '0.189212'], ['43000.77', '0.047956'], ['42999.85', '0.000812'], ['42998.91', '0.362928'], ['42997.96', '0.374248'], ['42996.98', '0.02654'], ['42994.83', '0.375088'], ['42994.74', '0.004531']], 'asks': [['43003.46', '2.49332'], ['43004.33', '0.135344'], ['43005.22', '0.866752'], ['43006.12', '0.703104'], ['43007.04', '0.094028'], ['43007.98', '0.975896'], ['43008.93', '0.485804'], ['43009.91', '0.330096'], ['43012.06', '4.542953'], ['43012.53', '0.195509']]}, 'timestamp': 1705458314131}
2024-01-17 10:25:15,007 : WARNING : pionex_spot: Unhandled message {'topic': 'DEPTH', 'symbol': 'BTC_USDT', 'data': {'bids': [['43001.67', '0.003124'], ['43000.77', '0.047956'], ['42999.85', '0.000812'], ['42998.91', '0.362928'], ['42997.96', '0.374248'], ['42996.98', '0.02654'], ['42993.7', '0.000349'], ['42993.46', '0.006001'], ['42993.44', '0.000349'], ['42993.18', '0.000349']], 'asks': [['43003.46', '2.494524'], ['43004.33', '0.135344'], ['43005.22', '0.866752'], ['43006.12', '0.703152'], ['43007.04', '0.094028'], ['43007.98', '0.975896'], ['43008.93', '0.480932'], ['43009.91', '0.330096'], ['43012.06', '4.542953'], ['43012.53', '0.195509']]}, 'timestamp': 1705458314815}
2024-01-17 10:25:15,677 : WARNING : pionex_spot: Unhandled message {'topic': 'DEPTH', 'symbol': 'BTC_USDT', 'data': {'bids': [['43002.44', '0.298413'], ['43001.57', '0.008972'], ['43000.68', '0.028556'], ['42999.78', '0.000552'], ['42998.86', '0.536016'], ['42997.92', '0.374248'], ['42996.97', '0.031564'], ['42995.99', '0.380344'], ['42993.84', '0.634134'], ['42993.7', '0.000349']], 'asks': [['43002.47', '2.226516'], ['43003.34', '0.247232'], ['43003.43', '0.000105'], ['43004.23', '0.385132'], ['43005.13', '0.640276'], ['43006.05', '0.651404'], ['43006.99', '0.093864'], ['43007.94', '0.93666'], ['43008.92', '0.528932'], ['43011.07', '4.731347']]}, 'timestamp': 1705458315524}
2024-01-17 10:25:17,164 : WARNING : pionex_spot: Unhandled message {'topic': 'DEPTH', 'symbol': 'BTC_USDT', 'data': {'bids': [['43002.44', '0.111997'], ['43001.57', '0.19506'], ['43000.68', '0.028556'], ['42999.78', '0.000552'], ['42998.86', '0.627104'], ['42997.92', '0.080768'], ['42996.97', '0.03116'], ['42995.99', '0.441436'], ['42993.84', '0.238'], ['42993.7', '0.000349']], 'asks': [['43002.47', '2.230352'], ['43003.34', '0.24756'], ['43003.43', '0.000105'], ['43004.23', '0.384104'], ['43005.13', '0.639784'], ['43006.05', '0.651568'], ['43006.99', '0.15512'], ['43007.94', '0.936004'], ['43008.92', '0.46784'], ['43011.07', '4.731347']]}, 'timestamp': 1705458316980}
2024-01-17 10:25:17,770 : WARNING : pionex_spot: Unhandled message {'topic': 'DEPTH', 'symbol': 'BTC_USDT', 'data': {'bids': [['43002.44', '0.209456'], ['43001.57', '0.196916'], ['43000.68', '0.045316'], ['42999.78', '0.000552'], ['42998.86', '0.274288'], ['42997.92', '0.23786'], ['42996.97', '0.033044'], ['42995.99', '0.380344'], ['42993.84', '0.445094'], ['42993.75', '0.395437']], 'asks': [['43002.47', '1.593918'], ['43003.34', '0.24756'], ['43004.23', '0.384432'], ['43005.13', '0.614904'], ['43006.05', '0.571732'], ['43006.99', '0.094356'], ['43007.94', '0.935004'], ['43008.92', '0.528932'], ['43011.07', '3.387089'], ['43011.44', '0.000349']]}, 'timestamp': 1705458317587}
2024-01-17 10:25:18,975 : WARNING : pionex_spot: Unhandled message {'topic': 'DEPTH', 'symbol': 'BTC_USDT', 'data': {'bids': [['43002.44', '1.71664'], ['43001.57', '0.395124'], ['43000.68', '0.214488'], ['42999.78', '0.000552'], ['42998.86', '0.542728'], ['42997.92', '0.176572'], ['42996.97', '0.954268'], ['42995.99', '0.359672'], ['42993.84', '3.647886'], ['42993.75', '0.395437']], 'asks': [['43002.47', '0.217668'], ['43003.34', '0.210344'], ['43004.23', '0.057148'], ['43005.13', '0.000492'], ['43006.05', '0.490636'], ['43006.99', '0.054352'], ['43007.94', '0.509448'], ['43008.92', '0.141184'], ['43011.07', '0.462545'], ['43011.3', '0.244078']]}, 'timestamp': 1705458318853}
2024-01-17 10:25:19,679 : WARNING : pionex_spot: Unhandled message {'topic': 'DEPTH', 'symbol': 'BTC_USDT', 'data': {'bids': [['43002.44', '1.715861'], ['43001.57', '0.475124'], ['43000.68', '0.045316'], ['42999.78', '0.000552'], ['42998.86', '0.542728'], ['42997.92', '0.256572'], ['42996.97', '0.954732'], ['42995.99', '0.248024'], ['42993.84', '3.647886'], ['42993.75', '0.395437']], 'asks': [['43002.47', '0.350908'], ['43003.34', '0.210344'], ['43004.23', '0.049648'], ['43005.13', '0.000492'], ['43006.05', '0.490636'], ['43006.99', '0.134352'], ['43007.94', '0.509496'], ['43008.92', '0.061184'], ['43011.07', '0.462545'], ['43011.3', '0.244078']]}, 'timestamp': 1705458319488}
2024-01-17 10:25:20,227 : WARNING : pionex_spot: Unhandled message {'topic': 'DEPTH', 'symbol': 'BTC_USDT', 'data': {'bids': [['43002.44', '1.715412'], ['43001.57', '0.475124'], ['43000.68', '0.074464'], ['42999.78', '0.104552'], ['42998.86', '0.542728'], ['42997.92', '0.096572'], ['42996.97', '1.0271'], ['42995.99', '0.248024'], ['42993.84', '3.647886'], ['42993.75', '0.395437']], 'asks': [['43002.47', '0.590412'], ['43003.34', '0.115188'], ['43004.23', '0.049648'], ['43005.13', '0.36738'], ['43006.05', '0.184808'], ['43006.99', '0.134352'], ['43007.94', '0.593596'], ['43008.92', '0.061184'], ['43011.07', '1.254626'], ['43011.3', '0.244078']]}, 'timestamp': 1705458320124}
2024-01-17 10:25:21,281 : WARNING : pionex_spot: Unhandled message {'topic': 'DEPTH', 'symbol': 'BTC_USDT', 'data': {'bids': [['43002.44', '1.715412'], ['43001.57', '0.475124'], ['43000.68', '0.074464'], ['42999.78', '0.104552'], ['42998.86', '0.542728'], ['42997.92', '0.096572'], ['42996.97', '1.0271'], ['42995.99', '0.248024'], ['42993.84', '3.647886'], ['42993.75', '0.395437']], 'asks': [['43002.47', '0.590412'], ['43003.34', '0.115188'], ['43004.23', '0.049648'], ['43005.13', '0.36738'], ['43006.05', '0.184808'], ['43006.99', '0.134352'], ['43007.94', '0.593596'], ['43008.92', '0.061184'], ['43011.07', '1.254626'], ['43011.44', '0.000349']]}, 'timestamp': 1705458321113}
2024-01-17 10:25:22,296 : WARNING : pionex_spot: Unhandled message {'topic': 'DEPTH', 'symbol': 'BTC_USDT', 'data': {'bids': [['43002.44', '1.964572'], ['43001.57', '0.500112'], ['43000.68', '0.320576'], ['42999.78', '0.184552'], ['42998.86', '0.550148'], ['42997.92', '0.176572'], ['42996.97', '1.194548'], ['42995.99', '0.160796'], ['42993.84', '3.647886'], ['42993.75', '0.395437']], 'asks': [['43002.47', '0.544708'], ['43003.34', '0.171084'], ['43004.23', '0.047788'], ['43005.13', '0.000492'], ['43006.05', '0.674544'], ['43006.99', '0.082352'], ['43007.94', '0.527728'], ['43008.92', '0.061184'], ['43011.07', '1.254626'], ['43011.2', '0.128937']]}, 'timestamp': 1705458322136}
2024-01-17 10:25:22,968 : WARNING : pionex_spot: Unhandled message {'topic': 'DEPTH', 'symbol': 'BTC_USDT', 'data': {'bids': [['43002.44', '1.931682'], ['43001.57', '0.420112'], ['43000.68', '0.074464'], ['42999.78', '0.184552'], ['42998.86', '0.542728'], ['42997.92', '0.176572'], ['42996.97', '1.114084'], ['42995.99', '0.080796'], ['42993.84', '3.647886'], ['42993.75', '0.395437']], 'asks': [['43002.47', '0.529716'], ['43003.34', '0.171084'], ['43004.23', '0.047788'], ['43005.13', '0.186572'], ['43006.05', '0.423712'], ['43006.99', '0.002352'], ['43007.94', '0.505088'], ['43008.92', '0.042524'], ['43011.07', '1.254626'], ['43011.2', '0.128937']]}, 'timestamp': 1705458322779}
2024-01-17 10:25:23,556 : WARNING : pionex_spot: Unhandled message {'topic': 'DEPTH', 'symbol': 'BTC_USDT', 'data': {'bids': [['43002.44', '1.800312'], ['43001.57', '0.582228'], ['43000.68', '0.134508'], ['42999.78', '0.370648'], ['42998.86', '0.542728'], ['42997.92', '0.176572'], ['42996.97', '1.114084'], ['42995.99', '0.160796'], ['42993.84', '3.647886'], ['42993.75', '0.395437']], 'asks': [['43002.47', '0.18134'], ['43003.34', '0.171084'], ['43004.23', '0.047788'], ['43005.13', '0.000492'], ['43006.05', '0.42372'], ['43006.99', '0.002352'], ['43007.94', '0.53124'], ['43008.92', '0.122524'], ['43011.07', '0.385348'], ['43011.2', '0.128937']]}, 'timestamp': 1705458323451}
2024-01-17 10:25:24,260 : WARNING : pionex_spot: Unhandled message {'topic': 'DEPTH', 'symbol': 'BTC_USDT', 'data': {'bids': [['43002.44', '1.800312'], ['43001.57', '0.582228'], ['43000.68', '0.134508'], ['42999.78', '0.370648'], ['42998.86', '0.542728'], ['42997.92', '0.176572'], ['42996.97', '1.114084'], ['42995.99', '0.160796'], ['42993.84', '3.647886'], ['42993.75', '0.395437']], 'asks': [['43002.47', '0.18134'], ['43003.34', '0.171084'], ['43004.23', '0.047788'], ['43005.13', '0.000492'], ['43006.05', '0.42372'], ['43006.99', '0.002352'], ['43007.94', '0.53124'], ['43008.92', '0.122524'], ['43011.07', '0.385348'], ['43011.2', '0.128937']]}, 'timestamp': 1705458324117}
2024-01-17 10:25:25,308 : WARNING : pionex_spot: Unhandled message {'topic': 'DEPTH', 'symbol': 'BTC_USDT', 'data': {'bids': [['43002.44', '1.800316'], ['43001.57', '0.582228'], ['43000.68', '0.045316'], ['42999.78', '0.104552'], ['42998.86', '0.542728'], ['42997.92', '0.176572'], ['42996.97', '1.114084'], ['42995.99', '0.080796'], ['42993.84', '3.647886'], ['42993.75', '0.395437']], 'asks': [['43002.47', '0.06316'], ['43003.34', '0.061004'], ['43004.23', '0.047788'], ['43005.13', '0.229948'], ['43006.05', '0.277844'], ['43006.99', '0.002352'], ['43007.94', '0.522504'], ['43008.92', '0.122524'], ['43011.07', '0.134215'], ['43011.2', '0.128937']]}, 'timestamp': 1705458325122}
2024-01-17 10:25:26,270 : WARNING : pionex_spot: Unhandled message {'topic': 'DEPTH', 'symbol': 'BTC_USDT', 'data': {'bids': [['43002.44', '1.80026'], ['43001.57', '0.582228'], ['43000.68', '0.045316'], ['42999.78', '0.104552'], ['42998.86', '0.436624'], ['42997.92', '0.176572'], ['42996.97', '1.114084'], ['42995.99', '0.160796'], ['42993.84', '3.647886'], ['42993.75', '0.395437']], 'asks': [['43002.47', '0.199576'], ['43003.34', '0.061004'], ['43004.23', '0.047788'], ['43005.13', '0.000492'], ['43006.05', '0.45088'], ['43006.99', '0.000492'], ['43007.94', '0.493152'], ['43008.92', '0.124384'], ['43011.07', '0.355198'], ['43011.2', '0.128937']]}, 'timestamp': 1705458326130}
2024-01-17 10:25:27,595 : WARNING : pionex_spot: Unhandled message {'topic': 'DEPTH', 'symbol': 'BTC_USDT', 'data': {'bids': [['43002.44', '1.80026'], ['43001.57', '0.582228'], ['43000.68', '0.045316'], ['42999.78', '0.104552'], ['42998.86', '0.576132'], ['42997.92', '0.176572'], ['42996.97', '1.114084'], ['42995.99', '0.160796'], ['42993.84', '3.647886'], ['42993.75', '0.395437']], 'asks': [['43002.47', '0.305158'], ['43003.34', '0.176612'], ['43004.23', '0.047788'], ['43005.13', '0.186564'], ['43006.05', '0.264808'], ['43006.99', '0.000492'], ['43007.94', '0.490924'], ['43008.92', '0.124384'], ['43011.07', '0.355198'], ['43011.2', '0.128937']]}, 'timestamp': 1705458327404}
2024-01-17 10:25:28,298 : WARNING : pionex_spot: Unhandled message {'topic': 'DEPTH', 'symbol': 'BTC_USDT', 'data': {'bids': [['43002.44', '1.747692'], ['43001.57', '0.502228'], ['43000.68', '0.045316'], ['42999.78', '0.104552'], ['42998.86', '0.576132'], ['42997.92', '0.176572'], ['42996.97', '1.114084'], ['42995.99', '0.160796'], ['42993.84', '3.647886'], ['42993.75', '0.395437']], 'asks': [['43002.47', '0.545856'], ['43003.34', '0.176612'], ['43004.23', '0.233868'], ['43005.13', '0.000492'], ['43006.05', '0.425552'], ['43006.99', '0.000492'], ['43007.94', '0.374672'], ['43008.92', '0.191048'], ['43011.07', '1.159944'], ['43011.2', '0.128937']]}, 'timestamp': 1705458328135}
2024-01-17 10:25:29,324 : WARNING : pionex_spot: Unhandled message {'topic': 'DEPTH', 'symbol': 'BTC_USDT', 'data': {'bids': [['43002.44', '1.747692'], ['43001.57', '0.502228'], ['43000.68', '0.045316'], ['42999.78', '0.104552'], ['42998.86', '0.576132'], ['42997.92', '0.176572'], ['42996.97', '1.114084'], ['42995.99', '0.160796'], ['42993.84', '3.647886'], ['42993.75', '0.395437']], 'asks': [['43002.47', '0.545856'], ['43003.34', '0.176612'], ['43004.23', '0.233868'], ['43005.13', '0.000492'], ['43006.05', '0.425552'], ['43006.99', '0.000492'], ['43007.94', '0.374672'], ['43008.92', '0.191048'], ['43011.07', '1.159944'], ['43011.2', '0.128937']]}, 'timestamp': 1705458329169}
2024-01-17 10:25:30,423 : WARNING : pionex_spot: Unhandled message {'topic': 'DEPTH', 'symbol': 'BTC_USDT', 'data': {'bids': [['43007.98', '1.537948'], ['43007.11', '0.469528'], ['43006.22', '0.172324'], ['43005.32', '0.15652'], ['43004.4', '0.447504'], ['43003.46', '0.399524'], ['43002.51', '2.402964'], ['43001.53', '1.377368'], ['42999.38', '3.26814'], ['42999.18', '0.238']], 'asks': [['43008.01', '0.153364'], ['43008.88', '0.053016'], ['43009.77', '0.003072'], ['43010.67', '0.246624'], ['43011.59', '0.21534'], ['43012.53', '0.370536'], ['43013.48', '0.299116'], ['43014.46', '0.510656'], ['43016.61', '0.325899'], ['43016.64', '0.000349']]}, 'timestamp': 1705458330260}
2024-01-17 10:25:31,595 : WARNING : pionex_spot: Unhandled message {'topic': 'DEPTH', 'symbol': 'BTC_USDT', 'data': {'bids': [['43010.13', '1.828984'], ['43009.26', '4.752892'], ['43008.37', '0.99738'], ['43007.47', '0.39296'], ['43006.55', '0.080492'], ['43005.61', '0.266848'], ['43004.66', '0.506212'], ['43003.68', '0.531592'], ['43001.53', '3.886591'], ['43001.52', '0.07905']], 'asks': [['43012.82', '0.322464'], ['43013.74', '0.113052'], ['43014.68', '0.319708'], ['43015.63', '0.218772'], ['43016.61', '0.23372'], ['43021.33', '0.099017'], ['43021.58', '0.000349'], ['43021.67', '0.000408'], ['43021.84', '0.000349'], ['43021.87', '0.000408']]}, 'timestamp': 1705458331384}
2024-01-17 10:25:32,298 : WARNING : pionex_spot: Unhandled message {'topic': 'DEPTH', 'symbol': 'BTC_USDT', 'data': {'bids': [['43010.13', '1.828984'], ['43009.26', '4.752892'], ['43008.37', '0.99738'], ['43007.47', '0.39296'], ['43006.55', '0.080492'], ['43005.61', '0.266848'], ['43004.66', '0.506212'], ['43003.68', '0.531592'], ['43001.53', '3.886591'], ['43001.52', '0.07905']], 'asks': [['43012.82', '0.32246'], ['43013.74', '0.113052'], ['43014.68', '0.319708'], ['43015.63', '0.218772'], ['43016.61', '0.23372'], ['43021.33', '0.099017'], ['43021.58', '0.000349'], ['43021.84', '0.000349'], ['43022.1', '0.000349'], ['43022.36', '0.000349']]}, 'timestamp': 1705458332139}
